2021-12-07 22:38:06 - INFO - "GET / HTTP/1.1" 200 1219
2021-12-07 22:38:06 - INFO - "GET /static/style.css HTTP/1.1" 200 648
2021-12-07 22:46:17 - INFO - "GET /movies HTTP/1.1" 200 2
2021-12-10 22:05:18 - INFO - "GET / HTTP/1.1" 200 1219
2021-12-10 22:05:18 - INFO - "GET /static/style.css HTTP/1.1" 200 648
2021-12-10 22:05:18 - INFO - "GET /movies HTTP/1.1" 200 2
2021-12-10 22:19:54 - INFO - "GET /movies HTTP/1.1" 200 704
2021-12-10 22:19:54 - INFO - "GET /favicon.ico HTTP/1.1" 200 1739
2021-12-10 22:19:54 - INFO - "GET / HTTP/1.1" 200 1219
2021-12-10 22:19:54 - INFO - "GET /static/style.css HTTP/1.1" 304 0
2021-12-10 22:19:54 - INFO - "GET /movies HTTP/1.1" 200 704
2021-12-12 17:16:49 - INFO - "GET /movies HTTP/1.1" 200 2
2021-12-12 17:16:49 - INFO - "GET /favicon.ico HTTP/1.1" 304 0
2021-12-12 17:16:49 - INFO - "GET /movies HTTP/1.1" 200 2
2021-12-12 17:16:49 - INFO - "GET /favicon.ico HTTP/1.1" 304 0
2021-12-12 17:46:57 - ERROR - ResponseError in 0 on line 0
2021-12-12 17:47:34 - INFO - "GET /reviews HTTP/1.1" 200 139
2021-12-12 17:47:34 - INFO - "GET /reviews/1 HTTP/1.1" 200 137
2021-12-12 17:47:34 - INFO - "GET /movies HTTP/1.1" 200 488
2021-12-12 17:47:34 - INFO - "GET /movies/1 HTTP/1.1" 200 486
2021-12-12 17:47:34 - INFO - "GET /movies HTTP/1.1" 200 488
2021-12-12 17:47:34 - INFO - "GET /favicon.ico HTTP/1.1" 304 0
2021-12-12 17:47:34 - INFO - "GET /movies HTTP/1.1" 200 488
2021-12-12 17:47:34 - WARNING - "GET /apple-touch-icon-precomposed.png HTTP/1.1" 404 1536
2021-12-12 17:47:34 - WARNING - "GET /apple-touch-icon.png HTTP/1.1" 404 1536
2021-12-12 17:47:34 - INFO - "GET /favicon.ico HTTP/1.1" 200 1739
2021-12-12 17:47:34 - INFO - "GET /movies HTTP/1.1" 200 488
2021-12-12 17:47:34 - WARNING - "GET /apple-touch-icon-precomposed.png HTTP/1.1" 404 1536
2021-12-12 17:47:34 - WARNING - "GET /apple-touch-icon.png HTTP/1.1" 404 1536
2021-12-12 17:47:34 - INFO - "GET /favicon.ico HTTP/1.1" 200 1739
2021-12-12 17:47:34 - INFO - "GET /movies HTTP/1.1" 200 488
2021-12-12 17:47:34 - WARNING - "GET /apple-touch-icon-precomposed.png HTTP/1.1" 404 1536
2021-12-12 17:47:34 - WARNING - "GET /apple-touch-icon.png HTTP/1.1" 404 1536
2021-12-12 17:47:34 - INFO - "GET /favicon.ico HTTP/1.1" 200 1739
2021-12-12 17:47:34 - INFO - "GET /movies HTTP/1.1" 200 488
2021-12-12 17:47:34 - WARNING - "GET /apple-touch-icon-precomposed.png HTTP/1.1" 404 1536
2021-12-12 17:47:34 - INFO - "GET /favicon.ico HTTP/1.1" 200 1739
2021-12-12 17:47:34 - INFO - "GET /movies HTTP/1.1" 200 488
2021-12-12 17:47:34 - WARNING - "GET /apple-touch-icon-precomposed.png HTTP/1.1" 404 1536
2021-12-12 17:47:34 - WARNING - "GET /apple-touch-icon.png HTTP/1.1" 404 1536
2021-12-12 17:47:34 - INFO - "GET /movies HTTP/1.1" 200 488
2021-12-12 17:47:34 - WARNING - "GET /apple-touch-icon-precomposed.png HTTP/1.1" 404 1536
2021-12-12 17:47:34 - WARNING - "GET /apple-touch-icon.png HTTP/1.1" 404 1536
2021-12-12 17:47:34 - INFO - "GET /favicon.ico HTTP/1.1" 200 1739
2021-12-12 17:47:34 - INFO - "GET /movies HTTP/1.1" 200 488
2021-12-12 17:47:34 - WARNING - "GET /apple-touch-icon.png HTTP/1.1" 404 1536
2021-12-12 17:47:34 - INFO - "GET /favicon.ico HTTP/1.1" 200 1739
2021-12-12 17:47:34 - INFO - "GET /movies HTTP/1.1" 200 488
2021-12-12 17:47:34 - WARNING - "GET /apple-touch-icon-precomposed.png HTTP/1.1" 404 1536
2021-12-12 17:47:34 - INFO - "GET /movies HTTP/1.1" 200 488
2021-12-12 17:47:34 - WARNING - "GET /apple-touch-icon-precomposed.png HTTP/1.1" 404 1536
2021-12-12 17:47:34 - WARNING - "GET /apple-touch-icon.png HTTP/1.1" 404 1536
2021-12-12 17:47:34 - INFO - "GET /favicon.ico HTTP/1.1" 200 1739
2021-12-12 17:47:34 - INFO - "GET /movies HTTP/1.1" 200 488
2021-12-12 17:47:34 - WARNING - "GET /apple-touch-icon-precomposed.png HTTP/1.1" 404 1536
2021-12-12 17:47:34 - WARNING - "GET /apple-touch-icon.png HTTP/1.1" 404 1536
2021-12-12 17:47:34 - INFO - "GET /favicon.ico HTTP/1.1" 200 1739
2021-12-12 17:47:34 - INFO - "GET /movies HTTP/1.1" 200 488
2021-12-12 17:47:34 - WARNING - "GET /apple-touch-icon-precomposed.png HTTP/1.1" 404 1536
2021-12-12 17:47:34 - WARNING - "GET /apple-touch-icon.png HTTP/1.1" 404 1536
2021-12-12 17:47:34 - INFO - "GET /favicon.ico HTTP/1.1" 200 1739
2021-12-12 17:47:34 - INFO - "GET /movies HTTP/1.1" 200 488
2021-12-12 17:47:34 - WARNING - "GET /apple-touch-icon-precomposed.png HTTP/1.1" 404 1536
2021-12-12 17:47:34 - WARNING - "GET /apple-touch-icon.png HTTP/1.1" 404 1536
2021-12-12 17:47:34 - INFO - "GET /favicon.ico HTTP/1.1" 200 1739
2021-12-12 17:47:34 - INFO - "GET /movies HTTP/1.1" 200 488
2021-12-12 17:47:34 - WARNING - "GET /apple-touch-icon-precomposed.png HTTP/1.1" 404 1536
2021-12-12 17:47:34 - WARNING - "GET /apple-touch-icon.png HTTP/1.1" 404 1536
2021-12-12 17:47:34 - INFO - "GET /favicon.ico HTTP/1.1" 200 1739
2021-12-12 17:47:34 - INFO - "GET /movies HTTP/1.1" 200 488
2021-12-12 17:47:34 - WARNING - "GET /apple-touch-icon-precomposed.png HTTP/1.1" 404 1536
2021-12-12 17:47:34 - WARNING - "GET /apple-touch-icon.png HTTP/1.1" 404 1536
2021-12-12 17:47:34 - INFO - "GET /movies HTTP/1.1" 200 488
2021-12-12 17:47:34 - WARNING - "GET /apple-touch-icon-precomposed.png HTTP/1.1" 404 1536
2021-12-12 17:47:34 - WARNING - "GET /apple-touch-icon.png HTTP/1.1" 404 1536
2021-12-12 17:47:34 - INFO - "GET /movies HTTP/1.1" 200 488
2021-12-12 17:47:34 - WARNING - "GET /apple-touch-icon-precomposed.png HTTP/1.1" 404 1536
2021-12-12 17:47:34 - WARNING - "GET /apple-touch-icon.png HTTP/1.1" 404 1536
2021-12-12 17:47:34 - INFO - "GET /favicon.ico HTTP/1.1" 200 1739
2021-12-12 17:47:34 - INFO - "GET /movies HTTP/1.1" 200 488
2021-12-12 17:47:34 - WARNING - "GET /apple-touch-icon-precomposed.png HTTP/1.1" 404 1536
2021-12-12 17:47:34 - WARNING - "GET /apple-touch-icon.png HTTP/1.1" 404 1536
2021-12-12 17:47:34 - INFO - "GET /favicon.ico HTTP/1.1" 200 1739
2021-12-12 17:47:34 - INFO - "GET /movies HTTP/1.1" 200 488
2021-12-12 17:47:34 - WARNING - "GET /apple-touch-icon-precomposed.png HTTP/1.1" 404 1536
2021-12-12 17:47:34 - WARNING - "GET /apple-touch-icon.png HTTP/1.1" 404 1536
2021-12-12 17:47:34 - INFO - "GET /favicon.ico HTTP/1.1" 200 1739
2021-12-12 17:47:34 - INFO - "GET /movies HTTP/1.1" 200 488
2021-12-12 17:47:34 - WARNING - "GET /apple-touch-icon-precomposed.png HTTP/1.1" 404 1536
2021-12-12 17:47:34 - WARNING - "GET /apple-touch-icon.png HTTP/1.1" 404 1536
2021-12-12 17:47:34 - INFO - "GET /favicon.ico HTTP/1.1" 200 1739
2021-12-12 17:47:34 - INFO - "GET /movies HTTP/1.1" 200 488
2021-12-12 17:47:34 - WARNING - "GET /apple-touch-icon-precomposed.png HTTP/1.1" 404 1536
2021-12-12 17:47:34 - WARNING - "GET /apple-touch-icon.png HTTP/1.1" 404 1536
2021-12-12 17:47:34 - INFO - "GET /favicon.ico HTTP/1.1" 200 1739
2021-12-12 17:47:34 - INFO - "GET /movies HTTP/1.1" 200 488
2021-12-12 17:47:34 - WARNING - "GET /apple-touch-icon.png HTTP/1.1" 404 1536
2021-12-12 17:47:34 - INFO - "GET /favicon.ico HTTP/1.1" 200 1739
2021-12-12 17:47:34 - INFO - "GET /movies HTTP/1.1" 200 488
2021-12-12 17:47:34 - WARNING - "GET /apple-touch-icon-precomposed.png HTTP/1.1" 404 1536
2021-12-12 17:47:34 - WARNING - "GET /apple-touch-icon.png HTTP/1.1" 404 1536
2021-12-12 17:47:34 - INFO - "GET /favicon.ico HTTP/1.1" 200 1739
2021-12-12 17:47:34 - INFO - "GET /movies HTTP/1.1" 200 488
2021-12-12 17:47:34 - WARNING - "GET /apple-touch-icon-precomposed.png HTTP/1.1" 404 1536
2021-12-12 17:47:34 - WARNING - "GET /apple-touch-icon.png HTTP/1.1" 404 1536
2021-12-12 17:47:34 - INFO - "GET /favicon.ico HTTP/1.1" 200 1739
2021-12-12 17:47:34 - INFO - "GET /movies HTTP/1.1" 200 488
2021-12-12 17:47:34 - WARNING - "GET /apple-touch-icon.png HTTP/1.1" 404 1536
2021-12-12 17:47:34 - INFO - "GET /favicon.ico HTTP/1.1" 200 1739
2021-12-12 17:47:34 - INFO - "GET /movies HTTP/1.1" 200 488
2021-12-12 17:47:34 - WARNING - "GET /apple-touch-icon-precomposed.png HTTP/1.1" 404 1536
2021-12-12 17:47:34 - WARNING - "GET /apple-touch-icon.png HTTP/1.1" 404 1536
2021-12-12 17:47:34 - INFO - "GET /favicon.ico HTTP/1.1" 200 1739
2021-12-12 17:47:34 - INFO - "GET /movies HTTP/1.1" 200 488
2021-12-12 17:47:34 - WARNING - "GET /apple-touch-icon-precomposed.png HTTP/1.1" 404 1536
2021-12-12 17:47:34 - INFO - "GET /favicon.ico HTTP/1.1" 200 1739
2021-12-12 17:47:34 - INFO - "GET /movies HTTP/1.1" 200 488
2021-12-12 17:47:34 - WARNING - "GET /apple-touch-icon-precomposed.png HTTP/1.1" 404 1536
2021-12-12 17:47:34 - WARNING - "GET /apple-touch-icon.png HTTP/1.1" 404 1536
2021-12-12 17:47:34 - INFO - "GET /favicon.ico HTTP/1.1" 200 1739
2021-12-12 17:47:34 - INFO - "GET /movies HTTP/1.1" 200 488
2021-12-12 17:47:34 - WARNING - "GET /apple-touch-icon-precomposed.png HTTP/1.1" 404 1536
2021-12-12 17:47:34 - WARNING - "GET /apple-touch-icon.png HTTP/1.1" 404 1536
2021-12-12 17:47:34 - INFO - "GET /favicon.ico HTTP/1.1" 200 1739
2021-12-12 17:47:34 - INFO - "GET /movies HTTP/1.1" 200 488
2021-12-12 17:47:34 - WARNING - "GET /apple-touch-icon-precomposed.png HTTP/1.1" 404 1536
2021-12-12 17:47:34 - WARNING - "GET /apple-touch-icon.png HTTP/1.1" 404 1536
2021-12-12 17:47:34 - INFO - "GET /favicon.ico HTTP/1.1" 200 1739
2021-12-12 17:47:34 - INFO - "GET /movies HTTP/1.1" 200 488
2021-12-12 17:47:34 - WARNING - "GET /apple-touch-icon-precomposed.png HTTP/1.1" 404 1536
2021-12-12 17:47:34 - WARNING - "GET /apple-touch-icon.png HTTP/1.1" 404 1536
2021-12-12 17:47:34 - INFO - "GET /movies HTTP/1.1" 200 488
2021-12-12 17:47:34 - WARNING - "GET /apple-touch-icon-precomposed.png HTTP/1.1" 404 1536
2021-12-12 17:47:34 - WARNING - "GET /apple-touch-icon.png HTTP/1.1" 404 1536
2021-12-12 17:47:34 - INFO - "GET /favicon.ico HTTP/1.1" 200 1739
2021-12-12 17:47:34 - INFO - "GET /movies HTTP/1.1" 200 488
2021-12-12 17:47:34 - WARNING - "GET /apple-touch-icon-precomposed.png HTTP/1.1" 404 1536
2021-12-12 17:47:34 - WARNING - "GET /apple-touch-icon.png HTTP/1.1" 404 1536
2021-12-12 17:47:34 - INFO - "GET /favicon.ico HTTP/1.1" 200 1739
2021-12-12 17:47:34 - INFO - "GET /movies HTTP/1.1" 200 488
2021-12-12 17:47:34 - WARNING - "GET /apple-touch-icon-precomposed.png HTTP/1.1" 404 1536
2021-12-12 17:47:34 - WARNING - "GET /apple-touch-icon.png HTTP/1.1" 404 1536
2021-12-12 17:47:34 - INFO - "GET /favicon.ico HTTP/1.1" 200 1739
2021-12-12 17:47:34 - INFO - "GET /movies HTTP/1.1" 200 488
2021-12-12 17:47:34 - WARNING - "GET /apple-touch-icon-precomposed.png HTTP/1.1" 404 1536
2021-12-12 17:47:34 - WARNING - "GET /apple-touch-icon.png HTTP/1.1" 404 1536
2021-12-12 17:47:34 - INFO - "GET /favicon.ico HTTP/1.1" 200 1739
2021-12-12 17:47:34 - INFO - "GET /movies HTTP/1.1" 200 488
2021-12-12 17:47:34 - WARNING - "GET /apple-touch-icon-precomposed.png HTTP/1.1" 404 1536
2021-12-12 17:47:34 - INFO - "GET /favicon.ico HTTP/1.1" 200 1739
2021-12-12 17:47:34 - INFO - "GET /movies HTTP/1.1" 200 488
2021-12-12 17:47:34 - WARNING - "GET /apple-touch-icon-precomposed.png HTTP/1.1" 404 1536
2021-12-12 17:47:34 - WARNING - "GET /apple-touch-icon.png HTTP/1.1" 404 1536
2021-12-12 17:47:34 - INFO - "GET /favicon.ico HTTP/1.1" 200 1739
2021-12-12 17:47:34 - INFO - "GET /movies HTTP/1.1" 200 488
2021-12-12 17:47:34 - WARNING - "GET /apple-touch-icon-precomposed.png HTTP/1.1" 404 1536
2021-12-12 17:47:34 - WARNING - "GET /apple-touch-icon.png HTTP/1.1" 404 1536
2021-12-12 17:47:34 - INFO - "GET /favicon.ico HTTP/1.1" 200 1739
2021-12-12 17:47:34 - INFO - "GET /movies HTTP/1.1" 200 488
2021-12-12 17:47:34 - WARNING - "GET /apple-touch-icon-precomposed.png HTTP/1.1" 404 1536
2021-12-12 17:47:34 - WARNING - "GET /apple-touch-icon.png HTTP/1.1" 404 1536
2021-12-12 17:47:34 - INFO - "GET /favicon.ico HTTP/1.1" 200 1739
2021-12-12 17:47:34 - INFO - "GET /movies HTTP/1.1" 200 488
2021-12-12 17:47:34 - WARNING - "GET /apple-touch-icon-precomposed.png HTTP/1.1" 404 1536
2021-12-12 17:47:34 - WARNING - "GET /apple-touch-icon.png HTTP/1.1" 404 1536
2021-12-12 17:47:34 - INFO - "GET /favicon.ico HTTP/1.1" 200 1739
2021-12-12 17:47:34 - INFO - "GET /movies HTTP/1.1" 200 488
2021-12-12 17:47:34 - WARNING - "GET /apple-touch-icon-precomposed.png HTTP/1.1" 404 1536
2021-12-12 17:47:34 - WARNING - "GET /apple-touch-icon.png HTTP/1.1" 404 1536
2021-12-12 17:47:34 - INFO - "GET /favicon.ico HTTP/1.1" 200 1739
2021-12-12 17:47:34 - INFO - "GET /movies HTTP/1.1" 200 488
2021-12-12 17:47:34 - WARNING - "GET /apple-touch-icon-precomposed.png HTTP/1.1" 404 1536
2021-12-12 17:47:34 - WARNING - "GET /apple-touch-icon.png HTTP/1.1" 404 1536
2021-12-12 17:47:34 - INFO - "GET /favicon.ico HTTP/1.1" 200 1739
2021-12-12 17:47:34 - INFO - "GET /movies HTTP/1.1" 200 488
2021-12-12 17:47:34 - WARNING - "GET /apple-touch-icon.png HTTP/1.1" 404 1536
2021-12-12 17:47:34 - INFO - "GET /favicon.ico HTTP/1.1" 200 1739
2021-12-12 17:47:34 - INFO - "GET /movies HTTP/1.1" 200 488
2021-12-12 17:47:34 - WARNING - "GET /apple-touch-icon-precomposed.png HTTP/1.1" 404 1536
2021-12-12 17:47:34 - WARNING - "GET /apple-touch-icon.png HTTP/1.1" 404 1536
2021-12-12 17:47:34 - INFO - "GET /favicon.ico HTTP/1.1" 200 1739
2021-12-12 17:47:34 - INFO - "GET /movies HTTP/1.1" 200 488
2021-12-12 17:47:34 - WARNING - "GET /apple-touch-icon-precomposed.png HTTP/1.1" 404 1536
2021-12-12 17:47:34 - WARNING - "GET /apple-touch-icon.png HTTP/1.1" 404 1536
2021-12-12 17:47:34 - INFO - "GET /movies HTTP/1.1" 200 488
2021-12-12 17:47:34 - WARNING - "GET /apple-touch-icon-precomposed.png HTTP/1.1" 404 1536
2021-12-12 17:47:34 - WARNING - "GET /apple-touch-icon.png HTTP/1.1" 404 1536
2021-12-12 17:47:34 - INFO - "GET /favicon.ico HTTP/1.1" 200 1739
2021-12-12 17:47:34 - INFO - "GET /movies HTTP/1.1" 200 488
2021-12-12 17:47:34 - WARNING - "GET /apple-touch-icon-precomposed.png HTTP/1.1" 404 1536
2021-12-12 17:47:34 - WARNING - "GET /apple-touch-icon.png HTTP/1.1" 404 1536
2021-12-12 17:47:34 - INFO - "GET /favicon.ico HTTP/1.1" 200 1739
2021-12-12 17:47:34 - INFO - "GET /movies HTTP/1.1" 200 488
2021-12-12 17:47:34 - WARNING - "GET /apple-touch-icon-precomposed.png HTTP/1.1" 404 1536
2021-12-12 17:47:34 - WARNING - "GET /apple-touch-icon.png HTTP/1.1" 404 1536
2021-12-12 17:47:34 - INFO - "GET /favicon.ico HTTP/1.1" 200 1739
2021-12-12 17:47:34 - INFO - "GET /movies HTTP/1.1" 200 488
2021-12-12 17:47:34 - WARNING - "GET /apple-touch-icon-precomposed.png HTTP/1.1" 404 1536
2021-12-12 17:47:34 - WARNING - "GET /apple-touch-icon.png HTTP/1.1" 404 1536
2021-12-12 17:47:34 - INFO - "GET /favicon.ico HTTP/1.1" 200 1739
2021-12-12 17:47:34 - INFO - "GET /movies HTTP/1.1" 200 488
2021-12-12 17:47:34 - WARNING - "GET /apple-touch-icon-precomposed.png HTTP/1.1" 404 1536
2021-12-12 17:47:34 - INFO - "GET /movies HTTP/1.1" 200 488
2021-12-12 17:47:34 - WARNING - "GET /apple-touch-icon-precomposed.png HTTP/1.1" 404 1536
2021-12-12 17:47:34 - WARNING - "GET /apple-touch-icon.png HTTP/1.1" 404 1536
2021-12-12 17:47:34 - INFO - "GET /favicon.ico HTTP/1.1" 200 1739
2021-12-12 17:47:34 - WARNING - "GET /apple-touch-icon.png HTTP/1.1" 404 1536
2021-12-12 17:47:34 - INFO - "GET /favicon.ico HTTP/1.1" 200 1739
2021-12-12 17:47:34 - INFO - "GET /movies HTTP/1.1" 200 488
2021-12-12 17:47:34 - WARNING - "GET /apple-touch-icon-precomposed.png HTTP/1.1" 404 1536
2021-12-12 17:47:34 - WARNING - "GET /apple-touch-icon.png HTTP/1.1" 404 1536
2021-12-12 17:47:34 - INFO - "GET /favicon.ico HTTP/1.1" 200 1739
2021-12-12 17:47:34 - INFO - "GET /movies HTTP/1.1" 200 488
2021-12-12 17:47:34 - WARNING - "GET /apple-touch-icon-precomposed.png HTTP/1.1" 404 1536
2021-12-12 17:47:34 - WARNING - "GET /apple-touch-icon.png HTTP/1.1" 404 1536
2021-12-12 17:47:34 - INFO - "GET /favicon.ico HTTP/1.1" 200 1739
2021-12-12 17:47:34 - INFO - "GET /movies HTTP/1.1" 200 488
2021-12-12 17:47:34 - WARNING - "GET /apple-touch-icon-precomposed.png HTTP/1.1" 404 1536
2021-12-12 17:47:34 - WARNING - "GET /apple-touch-icon.png HTTP/1.1" 404 1536
2021-12-12 17:47:34 - INFO - "GET /favicon.ico HTTP/1.1" 200 1739
2021-12-12 17:47:34 - INFO - "GET /movies HTTP/1.1" 200 488
2021-12-12 17:47:34 - WARNING - "GET /apple-touch-icon-precomposed.png HTTP/1.1" 404 1536
2021-12-12 17:47:34 - WARNING - "GET /apple-touch-icon.png HTTP/1.1" 404 1536
2021-12-12 17:47:34 - INFO - "GET /favicon.ico HTTP/1.1" 200 1739
2021-12-12 17:47:34 - INFO - "GET /movies HTTP/1.1" 200 488
2021-12-12 17:47:34 - WARNING - "GET /apple-touch-icon-precomposed.png HTTP/1.1" 404 1536
2021-12-12 17:47:34 - WARNING - "GET /apple-touch-icon.png HTTP/1.1" 404 1536
2021-12-12 17:47:34 - INFO - "GET /favicon.ico HTTP/1.1" 200 1739
2021-12-12 17:47:34 - INFO - "GET /movies HTTP/1.1" 200 488
2021-12-12 17:47:34 - WARNING - "GET /apple-touch-icon-precomposed.png HTTP/1.1" 404 1536
2021-12-12 17:47:34 - WARNING - "GET /apple-touch-icon.png HTTP/1.1" 404 1536
2021-12-12 17:47:34 - INFO - "GET /favicon.ico HTTP/1.1" 200 1739
2021-12-12 17:47:34 - INFO - "GET /movies HTTP/1.1" 200 488
2021-12-12 17:47:34 - WARNING - "GET /apple-touch-icon-precomposed.png HTTP/1.1" 404 1536
2021-12-12 17:47:34 - INFO - "GET /movies HTTP/1.1" 200 488
2021-12-12 17:47:34 - WARNING - "GET /apple-touch-icon-precomposed.png HTTP/1.1" 404 1536
2021-12-12 17:47:34 - WARNING - "GET /apple-touch-icon.png HTTP/1.1" 404 1536
2021-12-12 17:47:34 - INFO - "GET /favicon.ico HTTP/1.1" 200 1739
2021-12-12 17:47:34 - INFO - "GET /movies HTTP/1.1" 200 488
2021-12-12 17:47:34 - WARNING - "GET /apple-touch-icon-precomposed.png HTTP/1.1" 404 1536
2021-12-12 17:47:34 - WARNING - "GET /apple-touch-icon.png HTTP/1.1" 404 1536
2021-12-12 17:47:34 - INFO - "GET /favicon.ico HTTP/1.1" 200 1739
2021-12-12 17:47:34 - INFO - "GET /movies HTTP/1.1" 200 488
2021-12-12 17:47:34 - WARNING - "GET /apple-touch-icon-precomposed.png HTTP/1.1" 404 1536
2021-12-12 17:47:34 - WARNING - "GET /apple-touch-icon.png HTTP/1.1" 404 1536
2021-12-12 17:47:34 - INFO - "GET /favicon.ico HTTP/1.1" 200 1739
2021-12-12 17:47:34 - INFO - "GET /movies HTTP/1.1" 200 488
2021-12-12 17:47:34 - WARNING - "GET /apple-touch-icon-precomposed.png HTTP/1.1" 404 1536
2021-12-12 17:47:34 - WARNING - "GET /apple-touch-icon.png HTTP/1.1" 404 1536
2021-12-12 17:47:34 - INFO - "GET /favicon.ico HTTP/1.1" 200 1739
2021-12-12 17:47:34 - INFO - "GET /movies HTTP/1.1" 200 488
2021-12-12 17:47:34 - WARNING - "GET /apple-touch-icon-precomposed.png HTTP/1.1" 404 1536
2021-12-12 17:47:34 - WARNING - "GET /apple-touch-icon.png HTTP/1.1" 404 1536
2021-12-12 17:47:34 - INFO - "GET /favicon.ico HTTP/1.1" 200 1739
2021-12-12 17:47:34 - INFO - "GET /movies HTTP/1.1" 200 488
2021-12-12 17:47:34 - WARNING - "GET /apple-touch-icon-precomposed.png HTTP/1.1" 404 1536
2021-12-12 17:47:34 - WARNING - "GET /apple-touch-icon.png HTTP/1.1" 404 1536
2021-12-12 17:47:34 - INFO - "GET /movies HTTP/1.1" 200 488
2021-12-12 17:47:34 - WARNING - "GET /apple-touch-icon-precomposed.png HTTP/1.1" 404 1536
2021-12-12 17:47:34 - WARNING - "GET /apple-touch-icon.png HTTP/1.1" 404 1536
2021-12-12 17:47:34 - INFO - "GET /favicon.ico HTTP/1.1" 200 1739
2021-12-12 17:47:34 - INFO - "GET /movies HTTP/1.1" 200 488
2021-12-12 17:47:34 - WARNING - "GET /apple-touch-icon-precomposed.png HTTP/1.1" 404 1536
2021-12-12 17:47:34 - WARNING - "GET /apple-touch-icon.png HTTP/1.1" 404 1536
2021-12-12 17:47:34 - INFO - "GET /favicon.ico HTTP/1.1" 200 1739
2021-12-12 17:47:34 - INFO - "GET /movies HTTP/1.1" 200 488
2021-12-12 17:47:34 - WARNING - "GET /apple-touch-icon-precomposed.png HTTP/1.1" 404 1536
2021-12-12 17:47:34 - WARNING - "GET /apple-touch-icon.png HTTP/1.1" 404 1536
2021-12-12 17:47:34 - INFO - "GET /favicon.ico HTTP/1.1" 200 1739
2021-12-12 17:47:34 - INFO - "GET /movies HTTP/1.1" 200 488
2021-12-12 17:47:34 - WARNING - "GET /apple-touch-icon-precomposed.png HTTP/1.1" 404 1536
2021-12-12 17:47:34 - WARNING - "GET /apple-touch-icon.png HTTP/1.1" 404 1536
2021-12-12 17:47:34 - INFO - "GET /favicon.ico HTTP/1.1" 200 1739
2021-12-12 17:47:34 - INFO - "GET /reviews HTTP/1.1" 200 139
2021-12-12 17:47:34 - INFO - "GET /movies HTTP/1.1" 200 488
2021-12-12 18:20:03 - ERROR - ResponseError in 0 on line 0
2021-12-12 18:21:43 - ERROR - ResponseError in 0 on line 0
2021-12-12 18:21:45 - ERROR - ResponseError in 0 on line 0
2021-12-12 18:22:23 - ERROR - ResponseError in 0 on line 0
2021-12-12 18:25:14 - INFO - "GET /movies/1/reviews HTTP/1.1" 200 139
2021-12-12 18:26:03 - INFO - "GET /movies/1/reviews HTTP/1.1" 200 273
2021-12-12 18:26:03 - INFO - "GET /favicon.ico HTTP/1.1" 304 0
2021-12-12 18:26:03 - WARNING - "GET /apple-touch-icon.png HTTP/1.1" 404 1536
2021-12-12 18:26:03 - INFO - "GET /favicon.ico HTTP/1.1" 200 1739
2021-12-12 18:26:03 - INFO - "GET /movies/1/reviews HTTP/1.1" 200 273
2021-12-12 18:26:03 - WARNING - "GET /apple-touch-icon-precomposed.png HTTP/1.1" 404 1536
2021-12-12 18:26:03 - INFO - "GET /movies/1/reviews HTTP/1.1" 200 273
2021-12-12 18:26:03 - WARNING - "GET /apple-touch-icon-precomposed.png HTTP/1.1" 404 1536
2021-12-12 18:26:03 - WARNING - "GET /apple-touch-icon.png HTTP/1.1" 404 1536
2021-12-12 18:26:03 - INFO - "GET /favicon.ico HTTP/1.1" 200 1739
2021-12-12 18:26:03 - INFO - "GET /movies/1/reviews HTTP/1.1" 200 273
2021-12-12 18:26:03 - WARNING - "GET /apple-touch-icon-precomposed.png HTTP/1.1" 404 1536
2021-12-12 18:26:03 - WARNING - "GET /apple-touch-icon.png HTTP/1.1" 404 1536
2021-12-12 18:26:03 - INFO - "GET /movies/1/reviews HTTP/1.1" 200 273
2021-12-12 18:26:03 - WARNING - "GET /apple-touch-icon-precomposed.png HTTP/1.1" 404 1536
2021-12-12 18:26:03 - WARNING - "GET /apple-touch-icon.png HTTP/1.1" 404 1536
2021-12-12 18:26:03 - INFO - "GET /favicon.ico HTTP/1.1" 200 1739
2021-12-12 18:26:03 - INFO - "GET /movies/1/reviews HTTP/1.1" 200 273
2021-12-12 18:26:03 - WARNING - "GET /apple-touch-icon.png HTTP/1.1" 404 1536
2021-12-12 18:26:03 - INFO - "GET /movies/1/reviews HTTP/1.1" 200 273
2021-12-12 18:26:03 - WARNING - "GET /apple-touch-icon-precomposed.png HTTP/1.1" 404 1536
2021-12-12 18:26:03 - INFO - "GET /favicon.ico HTTP/1.1" 200 1739
2021-12-12 18:26:03 - WARNING - "GET /apple-touch-icon.png HTTP/1.1" 404 1536
2021-12-12 18:26:03 - INFO - "GET /favicon.ico HTTP/1.1" 200 1739
2021-12-12 18:26:03 - WARNING - "GET /apple-touch-icon-precomposed.png HTTP/1.1" 404 1536
2021-12-12 18:26:03 - INFO - "GET /movies/1/reviews HTTP/1.1" 200 273
2021-12-12 18:26:03 - INFO - "GET /movies/1/reviews HTTP/1.1" 200 273
2021-12-12 18:26:03 - WARNING - "GET /apple-touch-icon-precomposed.png HTTP/1.1" 404 1536
2021-12-12 18:26:03 - WARNING - "GET /apple-touch-icon.png HTTP/1.1" 404 1536
2021-12-12 18:26:03 - INFO - "GET /favicon.ico HTTP/1.1" 200 1739
2021-12-12 18:26:03 - INFO - "GET /movies/1/reviews HTTP/1.1" 200 273
2021-12-12 18:26:03 - WARNING - "GET /apple-touch-icon-precomposed.png HTTP/1.1" 404 1536
2021-12-12 18:26:03 - WARNING - "GET /apple-touch-icon.png HTTP/1.1" 404 1536
2021-12-12 18:26:03 - INFO - "GET /movies/1/reviews HTTP/1.1" 200 273
2021-12-12 18:26:03 - WARNING - "GET /apple-touch-icon-precomposed.png HTTP/1.1" 404 1536
2021-12-12 18:26:03 - WARNING - "GET /apple-touch-icon.png HTTP/1.1" 404 1536
2021-12-12 18:26:03 - INFO - "GET /favicon.ico HTTP/1.1" 200 1739
2021-12-12 18:26:03 - WARNING - "GET /apple-touch-icon.png HTTP/1.1" 404 1536
2021-12-12 18:26:03 - INFO - "GET /favicon.ico HTTP/1.1" 200 1739
2021-12-12 18:26:03 - INFO - "GET /movies/1/reviews HTTP/1.1" 200 273
2021-12-12 18:26:03 - WARNING - "GET /apple-touch-icon.png HTTP/1.1" 404 1536
2021-12-12 18:26:03 - INFO - "GET /favicon.ico HTTP/1.1" 200 1739
2021-12-12 18:26:03 - WARNING - "GET /apple-touch-icon-precomposed.png HTTP/1.1" 404 1536
2021-12-12 18:26:03 - INFO - "GET /movies/1/reviews HTTP/1.1" 200 273
2021-12-12 18:26:03 - INFO - "GET /movies/1/reviews HTTP/1.1" 200 273
2021-12-12 18:26:03 - WARNING - "GET /apple-touch-icon-precomposed.png HTTP/1.1" 404 1536
2021-12-12 18:26:03 - WARNING - "GET /apple-touch-icon.png HTTP/1.1" 404 1536
2021-12-12 18:26:03 - INFO - "GET /favicon.ico HTTP/1.1" 200 1739
2021-12-12 18:26:03 - INFO - "GET /movies/1/reviews HTTP/1.1" 200 273
2021-12-12 18:26:03 - WARNING - "GET /apple-touch-icon-precomposed.png HTTP/1.1" 404 1536
2021-12-12 18:26:03 - WARNING - "GET /apple-touch-icon.png HTTP/1.1" 404 1536
2021-12-12 18:26:03 - INFO - "GET /favicon.ico HTTP/1.1" 200 1739
2021-12-12 18:26:03 - INFO - "GET /movies/1/reviews HTTP/1.1" 200 273
2021-12-12 18:26:03 - WARNING - "GET /apple-touch-icon-precomposed.png HTTP/1.1" 404 1536
2021-12-12 18:26:03 - WARNING - "GET /apple-touch-icon.png HTTP/1.1" 404 1536
2021-12-12 18:26:03 - INFO - "GET /favicon.ico HTTP/1.1" 200 1739
2021-12-12 18:26:03 - INFO - "GET /movies/1/reviews HTTP/1.1" 200 273
2021-12-12 18:26:03 - WARNING - "GET /apple-touch-icon-precomposed.png HTTP/1.1" 404 1536
2021-12-12 18:26:03 - INFO - "GET /favicon.ico HTTP/1.1" 200 1739
2021-12-12 18:26:03 - INFO - "GET /movies/1/reviews HTTP/1.1" 200 273
2021-12-12 18:26:03 - WARNING - "GET /apple-touch-icon-precomposed.png HTTP/1.1" 404 1536
2021-12-12 18:26:03 - WARNING - "GET /apple-touch-icon.png HTTP/1.1" 404 1536
2021-12-12 18:26:03 - INFO - "GET /movies/1/reviews HTTP/1.1" 200 273
2021-12-12 18:26:03 - WARNING - "GET /apple-touch-icon-precomposed.png HTTP/1.1" 404 1536
2021-12-12 18:26:03 - WARNING - "GET /apple-touch-icon.png HTTP/1.1" 404 1536
2021-12-12 18:26:03 - INFO - "GET /favicon.ico HTTP/1.1" 200 1739
2021-12-12 18:26:03 - INFO - "GET /movies/1/reviews HTTP/1.1" 200 273
2021-12-12 18:26:03 - WARNING - "GET /apple-touch-icon-precomposed.png HTTP/1.1" 404 1536
2021-12-12 18:26:03 - WARNING - "GET /apple-touch-icon.png HTTP/1.1" 404 1536
2021-12-12 18:26:03 - INFO - "GET /favicon.ico HTTP/1.1" 200 1739
2021-12-12 18:26:03 - INFO - "GET /movies/1/reviews HTTP/1.1" 200 273
2021-12-12 18:26:03 - WARNING - "GET /apple-touch-icon-precomposed.png HTTP/1.1" 404 1536
2021-12-12 18:26:03 - WARNING - "GET /apple-touch-icon.png HTTP/1.1" 404 1536
2021-12-12 18:26:03 - INFO - "GET /favicon.ico HTTP/1.1" 200 1739
2021-12-12 18:26:03 - INFO - "GET /movies/1/reviews HTTP/1.1" 200 273
2021-12-12 18:26:03 - WARNING - "GET /apple-touch-icon-precomposed.png HTTP/1.1" 404 1536
2021-12-12 18:26:03 - WARNING - "GET /apple-touch-icon.png HTTP/1.1" 404 1536
2021-12-12 18:26:03 - INFO - "GET /movies/1/reviews HTTP/1.1" 200 273
2021-12-12 18:26:03 - WARNING - "GET /apple-touch-icon-precomposed.png HTTP/1.1" 404 1536
2021-12-12 18:26:03 - WARNING - "GET /apple-touch-icon.png HTTP/1.1" 404 1536
2021-12-12 18:26:03 - INFO - "GET /favicon.ico HTTP/1.1" 200 1739
2021-12-12 18:26:03 - INFO - "GET /movies/1/reviews HTTP/1.1" 200 273
2021-12-12 18:26:03 - WARNING - "GET /apple-touch-icon.png HTTP/1.1" 404 1536
2021-12-12 18:26:03 - INFO - "GET /favicon.ico HTTP/1.1" 200 1739
2021-12-12 18:26:03 - INFO - "GET /movies/1/reviews HTTP/1.1" 200 273
2021-12-12 18:26:03 - WARNING - "GET /apple-touch-icon-precomposed.png HTTP/1.1" 404 1536
2021-12-12 18:26:03 - WARNING - "GET /apple-touch-icon.png HTTP/1.1" 404 1536
2021-12-12 18:26:03 - INFO - "GET /favicon.ico HTTP/1.1" 200 1739
2021-12-12 18:26:03 - INFO - "GET /movies/1/reviews HTTP/1.1" 200 273
2021-12-12 18:26:03 - WARNING - "GET /apple-touch-icon-precomposed.png HTTP/1.1" 404 1536
2021-12-12 18:26:03 - INFO - "GET /movies/1/reviews HTTP/1.1" 200 273
2021-12-12 18:26:03 - WARNING - "GET /apple-touch-icon-precomposed.png HTTP/1.1" 404 1536
2021-12-12 18:26:03 - WARNING - "GET /apple-touch-icon.png HTTP/1.1" 404 1536
2021-12-12 18:26:03 - INFO - "GET /favicon.ico HTTP/1.1" 200 1739
2021-12-12 18:26:03 - INFO - "GET /movies/1/reviews HTTP/1.1" 200 273
2021-12-12 18:26:03 - WARNING - "GET /apple-touch-icon-precomposed.png HTTP/1.1" 404 1536
2021-12-12 18:26:03 - WARNING - "GET /apple-touch-icon.png HTTP/1.1" 404 1536
2021-12-12 18:26:03 - INFO - "GET /favicon.ico HTTP/1.1" 200 1739
2021-12-12 18:26:03 - INFO - "GET /movies/1/reviews HTTP/1.1" 200 273
2021-12-12 18:26:03 - WARNING - "GET /apple-touch-icon.png HTTP/1.1" 404 1536
2021-12-12 18:26:03 - INFO - "GET /favicon.ico HTTP/1.1" 200 1739
2021-12-12 18:26:03 - INFO - "GET /movies/1/reviews HTTP/1.1" 200 273
2021-12-12 18:26:03 - WARNING - "GET /apple-touch-icon.png HTTP/1.1" 404 1536
2021-12-12 18:26:03 - INFO - "GET /favicon.ico HTTP/1.1" 200 1739
2021-12-12 18:26:03 - INFO - "GET /movies/1/reviews HTTP/1.1" 200 273
2021-12-12 18:26:03 - WARNING - "GET /apple-touch-icon.png HTTP/1.1" 404 1536
2021-12-12 18:26:03 - INFO - "GET /favicon.ico HTTP/1.1" 200 1739
2021-12-12 18:26:03 - INFO - "GET /movies/1/reviews HTTP/1.1" 200 273
2021-12-12 18:26:03 - WARNING - "GET /apple-touch-icon-precomposed.png HTTP/1.1" 404 1536
2021-12-12 18:26:03 - WARNING - "GET /apple-touch-icon.png HTTP/1.1" 404 1536
2021-12-12 18:26:03 - INFO - "GET /movies/1/reviews HTTP/1.1" 200 273
2021-12-12 18:26:03 - WARNING - "GET /apple-touch-icon-precomposed.png HTTP/1.1" 404 1536
2021-12-12 18:26:03 - WARNING - "GET /apple-touch-icon.png HTTP/1.1" 404 1536
2021-12-12 18:26:03 - INFO - "GET /favicon.ico HTTP/1.1" 200 1739
2021-12-12 18:26:03 - INFO - "GET /movies/1/reviews HTTP/1.1" 200 273
2021-12-12 18:26:03 - WARNING - "GET /apple-touch-icon-precomposed.png HTTP/1.1" 404 1536
2021-12-12 18:26:03 - WARNING - "GET /apple-touch-icon.png HTTP/1.1" 404 1536
2021-12-12 18:26:03 - INFO - "GET /favicon.ico HTTP/1.1" 200 1739
2021-12-12 18:26:03 - INFO - "GET /movies/1/reviews HTTP/1.1" 200 273
2021-12-12 18:26:03 - WARNING - "GET /apple-touch-icon-precomposed.png HTTP/1.1" 404 1536
2021-12-12 18:26:03 - WARNING - "GET /apple-touch-icon.png HTTP/1.1" 404 1536
2021-12-12 18:26:03 - INFO - "GET /favicon.ico HTTP/1.1" 200 1739
2021-12-12 18:31:06 - ERROR - AttributeError in /Users/mattclosson/Development/projects/movie-app/backend/app/http/controllers/MovieController.py on line 82
2021-12-12 18:31:06 - ERROR - "GET /movies/1/reviews HTTP/1.1" 500 1047308
2021-12-12 18:31:43 - ERROR - ResponseError in 0 on line 0
